This is pdfTeX, Version 3.141592653-2.6-1.40.25 (TeX Live 2023/Debian) (preloaded format=pdflatex 2026.4.26)  27 APR 2026 18:55
entering extended mode
 restricted \write18 enabled.
 file:line:error style messages enabled.
 %&-line parsing enabled.
**"/home/enrique/Documents/Sistemas Distribuidos/Examen Practico/Documentacion/Latex/Examen.tex"
(/home/enrique/Documents/Sistemas Distribuidos/Examen Practico/Documentacion/Latex/Examen.tex
LaTeX2e <2023-11-01> patch level 1
L3 programming layer <2024-01-22>
(/usr/share/texlive/texmf-dist/tex/latex/base/article.cls
Document Class: article 2023/05/17 v1.4n Standard LaTeX document class
(/usr/share/texlive/texmf-dist/tex/latex/base/size12.clo
File: size12.clo 2023/05/17 v1.4n Standard LaTeX file (size option)
)
\c@part=\count187
\c@section=\count188
\c@subsection=\count189
\c@subsubsection=\count190
\c@paragraph=\count191
\c@subparagraph=\count192
\c@figure=\count193
\c@table=\count194
\abovecaptionskip=\skip48
\belowcaptionskip=\skip49
\bibindent=\dimen140
) (/usr/share/texlive/texmf-dist/tex/latex/bookmark/bookmark.sty
Package: bookmark 2023-12-10 v1.31 PDF bookmarks (HO)
 (/usr/share/texlive/texmf-dist/tex/latex/hyperref/hyperref.sty
Package: hyperref 2024-01-20 v7.01h Hypertext links for LaTeX
 (/usr/share/texlive/texmf-dist/tex/generic/iftex/iftex.sty
Package: iftex 2022/02/03 v1.0f TeX engine tests
) (/usr/share/texlive/texmf-dist/tex/latex/graphics/keyval.sty
Package: keyval 2022/05/29 v1.15 key=value parser (DPC)
\KV@toks@=\toks17
) (/usr/share/texlive/texmf-dist/tex/latex/kvsetkeys/kvsetkeys.sty
Package: kvsetkeys 2022-10-05 v1.19 Key value parser (HO)
) (/usr/share/texlive/texmf-dist/tex/generic/kvdefinekeys/kvdefinekeys.sty
Package: kvdefinekeys 2019-12-19 v1.6 Define keys (HO)
) (/usr/share/texlive/texmf-dist/tex/generic/pdfescape/pdfescape.sty
Package: pdfescape 2019/12/09 v1.15 Implements pdfTeX's escape features (HO)
 (/usr/share/texlive/texmf-dist/tex/generic/ltxcmds/ltxcmds.sty
Package: ltxcmds 2023-12-04 v1.26 LaTeX kernel commands for general use (HO)
) (/usr/share/texlive/texmf-dist/tex/generic/pdftexcmds/pdftexcmds.sty
Package: pdftexcmds 2020-06-27 v0.33 Utility functions of pdfTeX for LuaTeX (HO)
 (/usr/share/texlive/texmf-dist/tex/generic/infwarerr/infwarerr.sty
Package: infwarerr 2019/12/03 v1.5 Providing info/warning/error messages (HO)
)
Package pdftexcmds Info: \pdf@primitive is available.
Package pdftexcmds Info: \pdf@ifprimitive is available.
Package pdftexcmds Info: \pdfdraftmode found.
)) (/usr/share/texlive/texmf-dist/tex/latex/hycolor/hycolor.sty
Package: hycolor 2020-01-27 v1.10 Color options for hyperref/bookmark (HO)
) (/usr/share/texlive/texmf-dist/tex/latex/auxhook/auxhook.sty
Package: auxhook 2019-12-17 v1.6 Hooks for auxiliary files (HO)
) (/usr/share/texlive/texmf-dist/tex/latex/hyperref/nameref.sty
Package: nameref 2023-11-26 v2.56 Cross-referencing by name of section
 (/usr/share/texlive/texmf-dist/tex/latex/refcount/refcount.sty
Package: refcount 2019/12/15 v3.6 Data extraction from label references (HO)
) (/usr/share/texlive/texmf-dist/tex/generic/gettitlestring/gettitlestring.sty
Package: gettitlestring 2019/12/15 v1.6 Cleanup title references (HO)
 (/usr/share/texlive/texmf-dist/tex/latex/kvoptions/kvoptions.sty
Package: kvoptions 2022-06-15 v3.15 Key value format for package options (HO)
))
\c@section@level=\count195
) (/usr/share/texlive/texmf-dist/tex/latex/etoolbox/etoolbox.sty
Package: etoolbox 2020/10/05 v2.5k e-TeX tools for LaTeX (JAW)
\etb@tempcnta=\count196
)
\@linkdim=\dimen141
\Hy@linkcounter=\count197
\Hy@pagecounter=\count198
 (/usr/share/texlive/texmf-dist/tex/latex/hyperref/pd1enc.def
File: pd1enc.def 2024-01-20 v7.01h Hyperref: PDFDocEncoding definition (HO)
Now handling font encoding PD1 ...
... no UTF-8 mapping file for font encoding PD1
) (/usr/share/texlive/texmf-dist/tex/generic/intcalc/intcalc.sty
Package: intcalc 2019/12/15 v1.3 Expandable calculations with integers (HO)
)
\Hy@SavedSpaceFactor=\count199
 (/usr/share/texlive/texmf-dist/tex/latex/hyperref/puenc.def
File: puenc.def 2024-01-20 v7.01h Hyperref: PDF Unicode definition (HO)
Now handling font encoding PU ...
... no UTF-8 mapping file for font encoding PU
)
Package hyperref Info: Hyper figures OFF on input line 4179.
Package hyperref Info: Link nesting OFF on input line 4184.
Package hyperref Info: Hyper index ON on input line 4187.
Package hyperref Info: Plain pages OFF on input line 4194.
Package hyperref Info: Backreferencing OFF on input line 4199.
Package hyperref Info: Implicit mode ON; LaTeX internals redefined.
Package hyperref Info: Bookmarks ON on input line 4446.
\c@Hy@tempcnt=\count266
 (/usr/share/texlive/texmf-dist/tex/latex/url/url.sty
\Urlmuskip=\muskip16
Package: url 2013/09/16  ver 3.4  Verb mode for urls, etc.
)
LaTeX Info: Redefining \url on input line 4784.
\XeTeXLinkMargin=\dimen142
 (/usr/share/texlive/texmf-dist/tex/generic/bitset/bitset.sty
Package: bitset 2019/12/09 v1.3 Handle bit-vector datatype (HO)
 (/usr/share/texlive/texmf-dist/tex/generic/bigintcalc/bigintcalc.sty
Package: bigintcalc 2019/12/15 v1.5 Expandable calculations on big integers (HO)
))
\Fld@menulength=\count267
\Field@Width=\dimen143
\Fld@charsize=\dimen144
Package hyperref Info: Hyper figures OFF on input line 6063.
Package hyperref Info: Link nesting OFF on input line 6068.
Package hyperref Info: Hyper index ON on input line 6071.
Package hyperref Info: backreferencing OFF on input line 6078.
Package hyperref Info: Link coloring OFF on input line 6083.
Package hyperref Info: Link coloring with OCG OFF on input line 6088.
Package hyperref Info: PDF/A mode OFF on input line 6093.
 (/usr/share/texlive/texmf-dist/tex/latex/base/atbegshi-ltx.sty
Package: atbegshi-ltx 2021/01/10 v1.0c Emulation of the original atbegshi
package with kernel methods
)
\Hy@abspage=\count268
\c@Item=\count269
\c@Hfootnote=\count270
)
Package hyperref Info: Driver (autodetected): hpdftex.
 (/usr/share/texlive/texmf-dist/tex/latex/hyperref/hpdftex.def
File: hpdftex.def 2024-01-20 v7.01h Hyperref driver for pdfTeX
 (/usr/share/texlive/texmf-dist/tex/latex/base/atveryend-ltx.sty
Package: atveryend-ltx 2020/08/19 v1.0a Emulation of the original atveryend package
with kernel methods
)
\Fld@listcount=\count271
\c@bookmark@seq@number=\count272
 (/usr/share/texlive/texmf-dist/tex/latex/rerunfilecheck/rerunfilecheck.sty
Package: rerunfilecheck 2022-07-10 v1.10 Rerun checks for auxiliary files (HO)
 (/usr/share/texlive/texmf-dist/tex/generic/uniquecounter/uniquecounter.sty
Package: uniquecounter 2019/12/15 v1.4 Provide unlimited unique counter (HO)
)
Package uniquecounter Info: New unique counter `rerunfilecheck' on input line 285.
)
\Hy@SectionHShift=\skip50
) (/usr/share/texlive/texmf-dist/tex/latex/bookmark/bkm-pdftex.def
File: bkm-pdftex.def 2023-12-10 v1.31 bookmark driver for pdfTeX and luaTeX (HO)
\BKM@id=\count273
)) (/usr/share/texlive/texmf-dist/tex/latex/base/inputenc.sty
Package: inputenc 2021/02/14 v1.3d Input encoding file
\inpenc@prehook=\toks18
\inpenc@posthook=\toks19
) (/usr/share/texmf/tex/latex/lm/lmodern.sty
Package: lmodern 2015/05/01 v1.6.1 Latin Modern Fonts
LaTeX Font Info:    Overwriting symbol font `operators' in version `normal'
(Font)                  OT1/cmr/m/n --> OT1/lmr/m/n on input line 22.
LaTeX Font Info:    Overwriting symbol font `letters' in version `normal'
(Font)                  OML/cmm/m/it --> OML/lmm/m/it on input line 23.
LaTeX Font Info:    Overwriting symbol font `symbols' in version `normal'
(Font)                  OMS/cmsy/m/n --> OMS/lmsy/m/n on input line 24.
LaTeX Font Info:    Overwriting symbol font `largesymbols' in version `normal'
(Font)                  OMX/cmex/m/n --> OMX/lmex/m/n on input line 25.
LaTeX Font Info:    Overwriting symbol font `operators' in version `bold'
(Font)                  OT1/cmr/bx/n --> OT1/lmr/bx/n on input line 26.
LaTeX Font Info:    Overwriting symbol font `letters' in version `bold'
(Font)                  OML/cmm/b/it --> OML/lmm/b/it on input line 27.
LaTeX Font Info:    Overwriting symbol font `symbols' in version `bold'
(Font)                  OMS/cmsy/b/n --> OMS/lmsy/b/n on input line 28.
LaTeX Font Info:    Overwriting symbol font `largesymbols' in version `bold'
(Font)                  OMX/cmex/m/n --> OMX/lmex/m/n on input line 29.
LaTeX Font Info:    Overwriting math alphabet `\mathbf' in version `normal'
(Font)                  OT1/cmr/bx/n --> OT1/lmr/bx/n on input line 31.
LaTeX Font Info:    Overwriting math alphabet `\mathsf' in version `normal'
(Font)                  OT1/cmss/m/n --> OT1/lmss/m/n on input line 32.
LaTeX Font Info:    Overwriting math alphabet `\mathit' in version `normal'
(Font)                  OT1/cmr/m/it --> OT1/lmr/m/it on input line 33.
LaTeX Font Info:    Overwriting math alphabet `\mathtt' in version `normal'
(Font)                  OT1/cmtt/m/n --> OT1/lmtt/m/n on input line 34.
LaTeX Font Info:    Overwriting math alphabet `\mathbf' in version `bold'
(Font)                  OT1/cmr/bx/n --> OT1/lmr/bx/n on input line 35.
LaTeX Font Info:    Overwriting math alphabet `\mathsf' in version `bold'
(Font)                  OT1/cmss/bx/n --> OT1/lmss/bx/n on input line 36.
LaTeX Font Info:    Overwriting math alphabet `\mathit' in version `bold'
(Font)                  OT1/cmr/bx/it --> OT1/lmr/bx/it on input line 37.
LaTeX Font Info:    Overwriting math alphabet `\mathtt' in version `bold'
(Font)                  OT1/cmtt/m/n --> OT1/lmtt/m/n on input line 38.
) (/usr/share/texlive/texmf-dist/tex/generic/babel/babel.sty
Package: babel 2024/01/07 v24.1 The Babel package
\babel@savecnt=\count274
\U@D=\dimen145
\l@unhyphenated=\language9
 (/usr/share/texlive/texmf-dist/tex/generic/babel/txtbabel.def)
\bbl@readstream=\read2
\bbl@dirlevel=\count275
 (/usr/share/texlive/texmf-dist/tex/generic/babel/locale/es/babel-spanish.tex)
Package babel Info: Importing data for spanish
(babel)             from babel-es.ini. Reported on input line 4318.
Package babel Info: Hyphen rules for 'spanish' set to \l@english
(babel)             (\language0). Reported on input line 4318.
) (/usr/share/texlive/texmf-dist/tex/latex/geometry/geometry.sty
Package: geometry 2020/01/02 v5.9 Page Geometry
 (/usr/share/texlive/texmf-dist/tex/generic/iftex/ifvtex.sty
Package: ifvtex 2019/10/25 v1.7 ifvtex legacy package. Use iftex instead.
)
\Gm@cnth=\count276
\Gm@cntv=\count277
\c@Gm@tempcnt=\count278
\Gm@bindingoffset=\dimen146
\Gm@wd@mp=\dimen147
\Gm@odd@mp=\dimen148
\Gm@even@mp=\dimen149
\Gm@layoutwidth=\dimen150
\Gm@layoutheight=\dimen151
\Gm@layouthoffset=\dimen152
\Gm@layoutvoffset=\dimen153
\Gm@dimlist=\toks20
) (/usr/share/texlive/texmf-dist/tex/latex/graphics/graphicx.sty
Package: graphicx 2021/09/16 v1.2d Enhanced LaTeX Graphics (DPC,SPQR)
 (/usr/share/texlive/texmf-dist/tex/latex/graphics/graphics.sty
Package: graphics 2022/03/10 v1.4e Standard LaTeX Graphics (DPC,SPQR)
 (/usr/share/texlive/texmf-dist/tex/latex/graphics/trig.sty
Package: trig 2021/08/11 v1.11 sin cos tan (DPC)
) (/usr/share/texlive/texmf-dist/tex/latex/graphics-cfg/graphics.cfg
File: graphics.cfg 2016/06/04 v1.11 sample graphics configuration
)
Package graphics Info: Driver file: pdftex.def on input line 107.
 (/usr/share/texlive/texmf-dist/tex/latex/graphics-def/pdftex.def
File: pdftex.def 2022/09/22 v1.2b Graphics/color driver for pdftex
))
\Gin@req@height=\dimen154
\Gin@req@width=\dimen155
) (/usr/share/texlive/texmf-dist/tex/latex/float/float.sty
Package: float 2001/11/08 v1.3d Float enhancements (AL)
\c@float@type=\count279
\float@exts=\toks21
\float@box=\box51
\@float@everytoks=\toks22
\@floatcapt=\box52
) (/usr/share/texlive/texmf-dist/tex/latex/xcolor/xcolor.sty
Package: xcolor 2023/11/15 v3.01 LaTeX color extensions (UK)
 (/usr/share/texlive/texmf-dist/tex/latex/graphics-cfg/color.cfg
File: color.cfg 2016/01/02 v1.6 sample color configuration
)
Package xcolor Info: Driver file: pdftex.def on input line 274.
 (/usr/share/texlive/texmf-dist/tex/latex/graphics/mathcolor.ltx)
Package xcolor Info: Model `cmy' substituted by `cmy0' on input line 1350.
Package xcolor Info: Model `hsb' substituted by `rgb' on input line 1354.
Package xcolor Info: Model `RGB' extended on input line 1366.
Package xcolor Info: Model `HTML' substituted by `rgb' on input line 1368.
Package xcolor Info: Model `Hsb' substituted by `hsb' on input line 1369.
Package xcolor Info: Model `tHsb' substituted by `hsb' on input line 1370.
Package xcolor Info: Model `HSB' substituted by `hsb' on input line 1371.
Package xcolor Info: Model `Gray' substituted by `gray' on input line 1372.
Package xcolor Info: Model `wave' substituted by `hsb' on input line 1373.
) (/usr/share/texlive/texmf-dist/tex/latex/tcolorbox/tcolorbox.sty
Package: tcolorbox 2024/01/10 version 6.2.0 text color boxes
 (/usr/share/texlive/texmf-dist/tex/latex/pgf/basiclayer/pgf.sty (/usr/share/texlive/texmf-dist/tex/latex/pgf/utilities/pgfrcs.sty (/usr/share/texlive/texmf-dist/tex/generic/pgf/utilities/pgfutil-common.tex
\pgfutil@everybye=\toks23
\pgfutil@tempdima=\dimen156
\pgfutil@tempdimb=\dimen157
) (/usr/share/texlive/texmf-dist/tex/generic/pgf/utilities/pgfutil-latex.def
\pgfutil@abb=\box53
) (/usr/share/texlive/texmf-dist/tex/generic/pgf/utilities/pgfrcs.code.tex (/usr/share/texlive/texmf-dist/tex/generic/pgf/pgf.revision.tex)
Package: pgfrcs 2023-01-15 v3.1.10 (3.1.10)
))
Package: pgf 2023-01-15 v3.1.10 (3.1.10)
 (/usr/share/texlive/texmf-dist/tex/latex/pgf/basiclayer/pgfcore.sty (/usr/share/texlive/texmf-dist/tex/latex/pgf/systemlayer/pgfsys.sty (/usr/share/texlive/texmf-dist/tex/generic/pgf/systemlayer/pgfsys.code.tex
Package: pgfsys 2023-01-15 v3.1.10 (3.1.10)
 (/usr/share/texlive/texmf-dist/tex/generic/pgf/utilities/pgfkeys.code.tex
\pgfkeys@pathtoks=\toks24
\pgfkeys@temptoks=\toks25
 (/usr/share/texlive/texmf-dist/tex/generic/pgf/utilities/pgfkeyslibraryfiltered.code.tex
\pgfkeys@tmptoks=\toks26
))
\pgf@x=\dimen158
\pgf@y=\dimen159
\pgf@xa=\dimen160
\pgf@ya=\dimen161
\pgf@xb=\dimen162
\pgf@yb=\dimen163
\pgf@xc=\dimen164
\pgf@yc=\dimen165
\pgf@xd=\dimen166
\pgf@yd=\dimen167
\w@pgf@writea=\write3
\r@pgf@reada=\read3
\c@pgf@counta=\count280
\c@pgf@countb=\count281
\c@pgf@countc=\count282
\c@pgf@countd=\count283
\t@pgf@toka=\toks27
\t@pgf@tokb=\toks28
\t@pgf@tokc=\toks29
\pgf@sys@id@count=\count284
 (/usr/share/texlive/texmf-dist/tex/generic/pgf/systemlayer/pgf.cfg
File: pgf.cfg 2023-01-15 v3.1.10 (3.1.10)
)
Driver file for pgf: pgfsys-pdftex.def
 (/usr/share/texlive/texmf-dist/tex/generic/pgf/systemlayer/pgfsys-pdftex.def
File: pgfsys-pdftex.def 2023-01-15 v3.1.10 (3.1.10)
 (/usr/share/texlive/texmf-dist/tex/generic/pgf/systemlayer/pgfsys-common-pdf.def
File: pgfsys-common-pdf.def 2023-01-15 v3.1.10 (3.1.10)
))) (/usr/share/texlive/texmf-dist/tex/generic/pgf/systemlayer/pgfsyssoftpath.code.tex
File: pgfsyssoftpath.code.tex 2023-01-15 v3.1.10 (3.1.10)
\pgfsyssoftpath@smallbuffer@items=\count285
\pgfsyssoftpath@bigbuffer@items=\count286
) (/usr/share/texlive/texmf-dist/tex/generic/pgf/systemlayer/pgfsysprotocol.code.tex
File: pgfsysprotocol.code.tex 2023-01-15 v3.1.10 (3.1.10)
)) (/usr/share/texlive/texmf-dist/tex/generic/pgf/basiclayer/pgfcore.code.tex
Package: pgfcore 2023-01-15 v3.1.10 (3.1.10)
 (/usr/share/texlive/texmf-dist/tex/generic/pgf/math/pgfmath.code.tex (/usr/share/texlive/texmf-dist/tex/generic/pgf/math/pgfmathutil.code.tex) (/usr/share/texlive/texmf-dist/tex/generic/pgf/math/pgfmathparser.code.tex
\pgfmath@dimen=\dimen168
\pgfmath@count=\count287
\pgfmath@box=\box54
\pgfmath@toks=\toks30
\pgfmath@stack@operand=\toks31
\pgfmath@stack@operation=\toks32
) (/usr/share/texlive/texmf-dist/tex/generic/pgf/math/pgfmathfunctions.code.tex) (/usr/share/texlive/texmf-dist/tex/generic/pgf/math/pgfmathfunctions.basic.code.tex) (/usr/share/texlive/texmf-dist/tex/generic/pgf/math/pgfmathfunctions.trigonometric.code.tex) (/usr/share/texlive/texmf-dist/tex/generic/pgf/math/pgfmathfunctions.random.code.tex) (/usr/share/texlive/texmf-dist/tex/generic/pgf/math/pgfmathfunctions.comparison.code.tex) (/usr/share/texlive/texmf-dist/tex/generic/pgf/math/pgfmathfunctions.base.code.tex) (/usr/share/texlive/texmf-dist/tex/generic/pgf/math/pgfmathfunctions.round.code.tex) (/usr/share/texlive/texmf-dist/tex/generic/pgf/math/pgfmathfunctions.misc.code.tex) (/usr/share/texlive/texmf-dist/tex/generic/pgf/math/pgfmathfunctions.integerarithmetics.code.tex) (/usr/share/texlive/texmf-dist/tex/generic/pgf/math/pgfmathcalc.code.tex) (/usr/share/texlive/texmf-dist/tex/generic/pgf/math/pgfmathfloat.code.tex
\c@pgfmathroundto@lastzeros=\count288
)) (/usr/share/texlive/texmf-dist/tex/generic/pgf/math/pgfint.code.tex) (/usr/share/texlive/texmf-dist/tex/generic/pgf/basiclayer/pgfcorepoints.code.tex
File: pgfcorepoints.code.tex 2023-01-15 v3.1.10 (3.1.10)
\pgf@picminx=\dimen169
\pgf@picmaxx=\dimen170
\pgf@picminy=\dimen171
\pgf@picmaxy=\dimen172
\pgf@pathminx=\dimen173
\pgf@pathmaxx=\dimen174
\pgf@pathminy=\dimen175
\pgf@pathmaxy=\dimen176
\pgf@xx=\dimen177
\pgf@xy=\dimen178
\pgf@yx=\dimen179
\pgf@yy=\dimen180
\pgf@zx=\dimen181
\pgf@zy=\dimen182
) (/usr/share/texlive/texmf-dist/tex/generic/pgf/basiclayer/pgfcorepathconstruct.code.tex
File: pgfcorepathconstruct.code.tex 2023-01-15 v3.1.10 (3.1.10)
\pgf@path@lastx=\dimen183
\pgf@path@lasty=\dimen184
) (/usr/share/texlive/texmf-dist/tex/generic/pgf/basiclayer/pgfcorepathusage.code.tex
File: pgfcorepathusage.code.tex 2023-01-15 v3.1.10 (3.1.10)
\pgf@shorten@end@additional=\dimen185
\pgf@shorten@start@additional=\dimen186
) (/usr/share/texlive/texmf-dist/tex/generic/pgf/basiclayer/pgfcorescopes.code.tex
File: pgfcorescopes.code.tex 2023-01-15 v3.1.10 (3.1.10)
\pgfpic=\box55
\pgf@hbox=\box56
\pgf@layerbox@main=\box57
\pgf@picture@serial@count=\count289
) (/usr/share/texlive/texmf-dist/tex/generic/pgf/basiclayer/pgfcoregraphicstate.code.tex
File: pgfcoregraphicstate.code.tex 2023-01-15 v3.1.10 (3.1.10)
\pgflinewidth=\dimen187
) (/usr/share/texlive/texmf-dist/tex/generic/pgf/basiclayer/pgfcoretransformations.code.tex
File: pgfcoretransformations.code.tex 2023-01-15 v3.1.10 (3.1.10)
\pgf@pt@x=\dimen188
\pgf@pt@y=\dimen189
\pgf@pt@temp=\dimen190
) (/usr/share/texlive/texmf-dist/tex/generic/pgf/basiclayer/pgfcorequick.code.tex
File: pgfcorequick.code.tex 2023-01-15 v3.1.10 (3.1.10)
) (/usr/share/texlive/texmf-dist/tex/generic/pgf/basiclayer/pgfcoreobjects.code.tex
File: pgfcoreobjects.code.tex 2023-01-15 v3.1.10 (3.1.10)
) (/usr/share/texlive/texmf-dist/tex/generic/pgf/basiclayer/pgfcorepathprocessing.code.tex
File: pgfcorepathprocessing.code.tex 2023-01-15 v3.1.10 (3.1.10)
) (/usr/share/texlive/texmf-dist/tex/generic/pgf/basiclayer/pgfcorearrows.code.tex
File: pgfcorearrows.code.tex 2023-01-15 v3.1.10 (3.1.10)
\pgfarrowsep=\dimen191
) (/usr/share/texlive/texmf-dist/tex/generic/pgf/basiclayer/pgfcoreshade.code.tex
File: pgfcoreshade.code.tex 2023-01-15 v3.1.10 (3.1.10)
\pgf@max=\dimen192
\pgf@sys@shading@range@num=\count290
\pgf@shadingcount=\count291
) (/usr/share/texlive/texmf-dist/tex/generic/pgf/basiclayer/pgfcoreimage.code.tex
File: pgfcoreimage.code.tex 2023-01-15 v3.1.10 (3.1.10)
) (/usr/share/texlive/texmf-dist/tex/generic/pgf/basiclayer/pgfcoreexternal.code.tex
File: pgfcoreexternal.code.tex 2023-01-15 v3.1.10 (3.1.10)
\pgfexternal@startupbox=\box58
) (/usr/share/texlive/texmf-dist/tex/generic/pgf/basiclayer/pgfcorelayers.code.tex
File: pgfcorelayers.code.tex 2023-01-15 v3.1.10 (3.1.10)
) (/usr/share/texlive/texmf-dist/tex/generic/pgf/basiclayer/pgfcoretransparency.code.tex
File: pgfcoretransparency.code.tex 2023-01-15 v3.1.10 (3.1.10)
) (/usr/share/texlive/texmf-dist/tex/generic/pgf/basiclayer/pgfcorepatterns.code.tex
File: pgfcorepatterns.code.tex 2023-01-15 v3.1.10 (3.1.10)
) (/usr/share/texlive/texmf-dist/tex/generic/pgf/basiclayer/pgfcorerdf.code.tex
File: pgfcorerdf.code.tex 2023-01-15 v3.1.10 (3.1.10)
))) (/usr/share/texlive/texmf-dist/tex/generic/pgf/modules/pgfmoduleshapes.code.tex
File: pgfmoduleshapes.code.tex 2023-01-15 v3.1.10 (3.1.10)
\pgfnodeparttextbox=\box59
) (/usr/share/texlive/texmf-dist/tex/generic/pgf/modules/pgfmoduleplot.code.tex
File: pgfmoduleplot.code.tex 2023-01-15 v3.1.10 (3.1.10)
) (/usr/share/texlive/texmf-dist/tex/latex/pgf/compatibility/pgfcomp-version-0-65.sty
Package: pgfcomp-version-0-65 2023-01-15 v3.1.10 (3.1.10)
\pgf@nodesepstart=\dimen193
\pgf@nodesepend=\dimen194
) (/usr/share/texlive/texmf-dist/tex/latex/pgf/compatibility/pgfcomp-version-1-18.sty
Package: pgfcomp-version-1-18 2023-01-15 v3.1.10 (3.1.10)
)) (/usr/share/texlive/texmf-dist/tex/latex/tools/verbatim.sty
Package: verbatim 2023-11-06 v1.5v LaTeX2e package for verbatim enhancements
\every@verbatim=\toks33
\verbatim@line=\toks34
\verbatim@in@stream=\read4
) (/usr/share/texlive/texmf-dist/tex/latex/environ/environ.sty
Package: environ 2014/05/04 v0.3 A new way to define environments
 (/usr/share/texlive/texmf-dist/tex/latex/trimspaces/trimspaces.sty
Package: trimspaces 2009/09/17 v1.1 Trim spaces around a token list
)
\@envbody=\toks35
)
\tcb@titlebox=\box60
\tcb@upperbox=\box61
\tcb@lowerbox=\box62
\tcb@phantombox=\box63
\c@tcbbreakpart=\count292
\c@tcblayer=\count293
\c@tcolorbox@number=\count294
\l__tcobox_tmpa_box=\box64
\l__tcobox_tmpa_dim=\dimen195
\tcb@temp=\box65
\tcb@temp=\box66
\tcb@temp=\box67
\tcb@temp=\box68
) (/usr/share/texlive/texmf-dist/tex/latex/tcolorbox/tcbbreakable.code.tex
Library (tcolorbox): 'tcbbreakable.code.tex' version '6.2.0'
(/usr/share/texlive/texmf-dist/tex/latex/pdfcol/pdfcol.sty
Package: pdfcol 2022-09-21 v1.7 Handle new color stacks for pdfTeX (HO)
)
Package pdfcol Info: New color stack `tcb@breakable' = 1 on input line 23.
\tcb@testbox=\box69
\tcb@totalupperbox=\box70
\tcb@totallowerbox=\box71
) (/usr/share/texlive/texmf-dist/tex/latex/tools/array.sty
Package: array 2023/10/16 v2.5g Tabular extension package (FMi)
\col@sep=\dimen196
\ar@mcellbox=\box72
\extrarowheight=\dimen197
\NC@list=\toks36
\extratabsurround=\skip51
\backup@length=\skip52
\ar@cellbox=\box73
) (/usr/share/texlive/texmf-dist/tex/latex/fancyhdr/fancyhdr.sty
Package: fancyhdr 2022/11/09 v4.1 Extensive control of page headers and footers
\f@nch@headwidth=\skip53
\f@nch@O@elh=\skip54
\f@nch@O@erh=\skip55
\f@nch@O@olh=\skip56
\f@nch@O@orh=\skip57
\f@nch@O@elf=\skip58
\f@nch@O@erf=\skip59
\f@nch@O@olf=\skip60
\f@nch@O@orf=\skip61
) (/usr/share/texlive/texmf-dist/tex/latex/titlesec/titlesec.sty
Package: titlesec 2023/10/27 v2.16 Sectioning titles
\ttl@box=\box74
\beforetitleunit=\skip62
\aftertitleunit=\skip63
\ttl@plus=\dimen198
\ttl@minus=\dimen199
\ttl@toksa=\toks37
\titlewidth=\dimen256
\titlewidthlast=\dimen257
\titlewidthfirst=\dimen258
) (/usr/share/texlive/texmf-dist/tex/latex/enumitem/enumitem.sty
Package: enumitem 2019/06/20 v3.9 Customized lists
\labelindent=\skip64
\enit@outerparindent=\dimen259
\enit@toks=\toks38
\enit@inbox=\box75
\enit@count@id=\count295
\enitdp@description=\count296
) (/usr/share/texlive/texmf-dist/tex/latex/listings/listings.sty
\lst@mode=\count297
\lst@gtempboxa=\box76
\lst@token=\toks39
\lst@length=\count298
\lst@currlwidth=\dimen260
\lst@column=\count299
\lst@pos=\count300
\lst@lostspace=\dimen261
\lst@width=\dimen262
\lst@newlines=\count301
\lst@lineno=\count302
\lst@maxwidth=\dimen263
 (/usr/share/texlive/texmf-dist/tex/latex/listings/lstmisc.sty
File: lstmisc.sty 2023/02/27 1.9 (Carsten Heinz)
\c@lstnumber=\count303
\lst@skipnumbers=\count304
\lst@framebox=\box77
) (/usr/share/texlive/texmf-dist/tex/latex/listings/listings.cfg
File: listings.cfg 2023/02/27 1.9 listings configuration
))
Package: listings 2023/02/27 1.9 (Carsten Heinz)
 (/usr/share/texlive/texmf-dist/tex/latex/caption/caption.sty
Package: caption 2023/08/05 v3.6o Customizing captions (AR)
 (/usr/share/texlive/texmf-dist/tex/latex/caption/caption3.sty
Package: caption3 2023/07/31 v2.4d caption3 kernel (AR)
\caption@tempdima=\dimen264
\captionmargin=\dimen265
\caption@leftmargin=\dimen266
\caption@rightmargin=\dimen267
\caption@width=\dimen268
\caption@indent=\dimen269
\caption@parindent=\dimen270
\caption@hangindent=\dimen271
Package caption Info: Standard document class detected.
)
\c@caption@flags=\count305
\c@continuedfloat=\count306
Package caption Info: float package is loaded.
Package caption Info: hyperref package is loaded.
Package caption Info: listings package is loaded.
) (/usr/share/texlive/texmf-dist/tex/latex/amsfonts/amssymb.sty
Package: amssymb 2013/01/14 v3.01 AMS font symbols
 (/usr/share/texlive/texmf-dist/tex/latex/amsfonts/amsfonts.sty
Package: amsfonts 2013/01/14 v3.01 Basic AMSFonts support
\@emptytoks=\toks40
\symAMSa=\mathgroup4
\symAMSb=\mathgroup5
LaTeX Font Info:    Redeclaring math symbol \hbar on input line 98.
LaTeX Font Info:    Overwriting math alphabet `\mathfrak' in version `bold'
(Font)                  U/euf/m/n --> U/euf/b/n on input line 106.
)) (/usr/share/texlive/texmf-dist/tex/latex/amsmath/amsmath.sty
Package: amsmath 2023/05/13 v2.17o AMS math features
\@mathmargin=\skip65

For additional information on amsmath, use the `?' option.
(/usr/share/texlive/texmf-dist/tex/latex/amsmath/amstext.sty
Package: amstext 2021/08/26 v2.01 AMS text
 (/usr/share/texlive/texmf-dist/tex/latex/amsmath/amsgen.sty
File: amsgen.sty 1999/11/30 v2.0 generic functions
\@emptytoks=\toks41
\ex@=\dimen272
)) (/usr/share/texlive/texmf-dist/tex/latex/amsmath/amsbsy.sty
Package: amsbsy 1999/11/29 v1.2d Bold Symbols
\pmbraise@=\dimen273
) (/usr/share/texlive/texmf-dist/tex/latex/amsmath/amsopn.sty
Package: amsopn 2022/04/08 v2.04 operator names
)
\inf@bad=\count307
LaTeX Info: Redefining \frac on input line 234.
\uproot@=\count308
\leftroot@=\count309
LaTeX Info: Redefining \overline on input line 399.
LaTeX Info: Redefining \colon on input line 410.
\classnum@=\count310
\DOTSCASE@=\count311
LaTeX Info: Redefining \ldots on input line 496.
LaTeX Info: Redefining \dots on input line 499.
LaTeX Info: Redefining \cdots on input line 620.
\Mathstrutbox@=\box78
\strutbox@=\box79
LaTeX Info: Redefining \big on input line 722.
LaTeX Info: Redefining \Big on input line 723.
LaTeX Info: Redefining \bigg on input line 724.
LaTeX Info: Redefining \Bigg on input line 725.
\big@size=\dimen274
LaTeX Font Info:    Redeclaring font encoding OML on input line 743.
LaTeX Font Info:    Redeclaring font encoding OMS on input line 744.
\macc@depth=\count312
LaTeX Info: Redefining \bmod on input line 905.
LaTeX Info: Redefining \pmod on input line 910.
LaTeX Info: Redefining \smash on input line 940.
LaTeX Info: Redefining \relbar on input line 970.
LaTeX Info: Redefining \Relbar on input line 971.
\c@MaxMatrixCols=\count313
\dotsspace@=\muskip17
\c@parentequation=\count314
\dspbrk@lvl=\count315
\tag@help=\toks42
\row@=\count316
\column@=\count317
\maxfields@=\count318
\andhelp@=\toks43
\eqnshift@=\dimen275
\alignsep@=\dimen276
\tagshift@=\dimen277
\tagwidth@=\dimen278
\totwidth@=\dimen279
\lineht@=\dimen280
\@envbody=\toks44
\multlinegap=\skip66
\multlinetaggap=\skip67
\mathdisplay@stack=\toks45
LaTeX Info: Redefining \[ on input line 2953.
LaTeX Info: Redefining \] on input line 2954.
) (/usr/share/texlive/texmf-dist/tex/latex/algorithms/algorithm.sty
Package: algorithm 2009/08/24 v0.1 Document Style `algorithm' - floating environment
 (/usr/share/texlive/texmf-dist/tex/latex/base/ifthen.sty
Package: ifthen 2022/04/13 v1.1d Standard LaTeX ifthen package (DPC)
)
\@float@every@algorithm=\toks46
\c@algorithm=\count319
) (/usr/share/texlive/texmf-dist/tex/latex/algorithmicx/algpseudocode.sty
Package: algpseudocode 
 (/usr/share/texlive/texmf-dist/tex/latex/algorithmicx/algorithmicx.sty
Package: algorithmicx 2005/04/27 v1.2 Algorithmicx

Document Style algorithmicx 1.2 - a greatly improved `algorithmic' style
\c@ALG@line=\count320
\c@ALG@rem=\count321
\c@ALG@nested=\count322
\ALG@tlm=\skip68
\ALG@thistlm=\skip69
\c@ALG@Lnr=\count323
\c@ALG@blocknr=\count324
\c@ALG@storecount=\count325
\c@ALG@tmpcounter=\count326
\ALG@tmplength=\skip70
)
Document Style - pseudocode environments for use with the `algorithmicx' style
)
LaTeX Font Info:    Trying to load font information for OT1+lmr on input line 110.
 (/usr/share/texmf/tex/latex/lm/ot1lmr.fd
File: ot1lmr.fd 2015/05/01 v1.6.1 Font defs for Latin Modern
) (/usr/share/texlive/texmf-dist/tex/latex/l3backend/l3backend-pdftex.def
File: l3backend-pdftex.def 2024-01-04 L3 backend support: PDF output (pdfTeX)
\l__color_backend_stack_int=\count327
\l__pdf_internal_box=\box80
) (./Examen.aux)
\openout1 = `Examen.aux'.

LaTeX Font Info:    Checking defaults for OML/cmm/m/it on input line 110.
LaTeX Font Info:    ... okay on input line 110.
LaTeX Font Info:    Checking defaults for OMS/cmsy/m/n on input line 110.
LaTeX Font Info:    ... okay on input line 110.
LaTeX Font Info:    Checking defaults for OT1/cmr/m/n on input line 110.
LaTeX Font Info:    ... okay on input line 110.
LaTeX Font Info:    Checking defaults for T1/cmr/m/n on input line 110.
LaTeX Font Info:    ... okay on input line 110.
LaTeX Font Info:    Checking defaults for TS1/cmr/m/n on input line 110.
LaTeX Font Info:    ... okay on input line 110.
LaTeX Font Info:    Checking defaults for OMX/cmex/m/n on input line 110.
LaTeX Font Info:    ... okay on input line 110.
LaTeX Font Info:    Checking defaults for U/cmr/m/n on input line 110.
LaTeX Font Info:    ... okay on input line 110.
LaTeX Font Info:    Checking defaults for PD1/pdf/m/n on input line 110.
LaTeX Font Info:    ... okay on input line 110.
LaTeX Font Info:    Checking defaults for PU/pdf/m/n on input line 110.
LaTeX Font Info:    ... okay on input line 110.
Package hyperref Info: Link coloring OFF on input line 110.

*geometry* driver: auto-detecting
*geometry* detected driver: pdftex
*geometry* verbose mode - [ preamble ] result:
* driver: pdftex
* paper: <default>
* layout: <same size as paper>
* layoutoffset:(h,v)=(0.0pt,0.0pt)
* modes: 
* h-part:(L,W,R)=(42.67912pt, 528.93675pt, 42.67912pt)
* v-part:(T,H,B)=(56.9055pt, 652.70622pt, 85.35826pt)
* \paperwidth=614.295pt
* \paperheight=794.96999pt
* \textwidth=528.93675pt
* \textheight=652.70622pt
* \oddsidemargin=-29.59087pt
* \evensidemargin=-29.59087pt
* \topmargin=-52.5436pt
* \headheight=50.95274pt
* \headsep=14.22636pt
* \topskip=12.0pt
* \footskip=30.0pt
* \marginparwidth=44.0pt
* \marginparsep=10.0pt
* \columnsep=10.0pt
* \skip\footins=10.8pt plus 4.0pt minus 2.0pt
* \hoffset=0.0pt
* \voffset=0.0pt
* \mag=1000
* \@twocolumnfalse
* \@twosidefalse
* \@mparswitchfalse
* \@reversemarginfalse
* (1in=72.27pt=25.4mm, 1cm=28.453pt)

(/usr/share/texlive/texmf-dist/tex/context/base/mkii/supp-pdf.mkii
[Loading MPS to PDF converter (version 2006.09.02).]
\scratchcounter=\count328
\scratchdimen=\dimen281
\scratchbox=\box81
\nofMPsegments=\count329
\nofMParguments=\count330
\everyMPshowfont=\toks47
\MPscratchCnt=\count331
\MPscratchDim=\dimen282
\MPnumerator=\count332
\makeMPintoPDFobject=\count333
\everyMPtoPDFconversion=\toks48
) (/usr/share/texlive/texmf-dist/tex/latex/epstopdf-pkg/epstopdf-base.sty
Package: epstopdf-base 2020-01-24 v2.11 Base part for package epstopdf
Package epstopdf-base Info: Redefining graphics rule for `.eps' on input line 485.
 (/usr/share/texlive/texmf-dist/tex/latex/latexconfig/epstopdf-sys.cfg
File: epstopdf-sys.cfg 2010/07/13 v1.3 Configuration of (r)epstopdf for TeX Live
))
\c@lstlisting=\count334
Package caption Info: Begin \AtBeginDocument code.
Package caption Info: End \AtBeginDocument code.
LaTeX Font Info:    Trying to load font information for OML+lmm on input line 117.
 (/usr/share/texmf/tex/latex/lm/omllmm.fd
File: omllmm.fd 2015/05/01 v1.6.1 Font defs for Latin Modern
)
LaTeX Font Info:    Trying to load font information for OMS+lmsy on input line 117.
 (/usr/share/texmf/tex/latex/lm/omslmsy.fd
File: omslmsy.fd 2015/05/01 v1.6.1 Font defs for Latin Modern
)
LaTeX Font Info:    Trying to load font information for OMX+lmex on input line 117.
 (/usr/share/texmf/tex/latex/lm/omxlmex.fd
File: omxlmex.fd 2015/05/01 v1.6.1 Font defs for Latin Modern
)
LaTeX Font Info:    External font `lmex10' loaded for size
(Font)              <12> on input line 117.
LaTeX Font Info:    External font `lmex10' loaded for size
(Font)              <8> on input line 117.
LaTeX Font Info:    External font `lmex10' loaded for size
(Font)              <6> on input line 117.
LaTeX Font Info:    Trying to load font information for U+msa on input line 117.
 (/usr/share/texlive/texmf-dist/tex/latex/amsfonts/umsa.fd
File: umsa.fd 2013/01/14 v3.01 AMS symbols A
)
LaTeX Font Info:    Trying to load font information for U+msb on input line 117.
 (/usr/share/texlive/texmf-dist/tex/latex/amsfonts/umsb.fd
File: umsb.fd 2013/01/14 v3.01 AMS symbols B
)
<logo_unam.png, id=7, 1027.84pt x 1155.31625pt>
File: logo_unam.png Graphic file (type png)
<use logo_unam.png>
Package pdftex.def Info: logo_unam.png  used on input line 118.
(pdftex.def)             Requested size: 85.35826pt x 95.93529pt.
LaTeX Font Info:    Trying to load font information for OT1+lmtt on input line 123.
 (/usr/share/texmf/tex/latex/lm/ot1lmtt.fd
File: ot1lmtt.fd 2015/05/01 v1.6.1 Font defs for Latin Modern
)
<logo_fi.png, id=9, 518.93875pt x 615.29875pt>
File: logo_fi.png Graphic file (type png)
<use logo_fi.png>
Package pdftex.def Info: logo_fi.png  used on input line 126.
(pdftex.def)             Requested size: 81.09052pt x 96.14018pt.
 [1

{/var/lib/texmf/fonts/map/pdftex/updmap/pdftex.map}{/usr/share/texmf/fonts/enc/dvips/lm/lm-rm.enc}{/usr/share/texmf/fonts/enc/dvips/lm/lm-rmtt.enc} <./logo_unam.png> <./logo_fi.png>]
LaTeX Font Info:    Trying to load font information for TS1+lmr on input line 177.
 (/usr/share/texmf/tex/latex/lm/ts1lmr.fd
File: ts1lmr.fd 2015/05/01 v1.6.1 Font defs for Latin Modern
) (./tablas.tex
<Diagrama Entidad-Relacion.jpeg, id=30, 1528.71124pt x 897.3525pt>
File: Diagrama Entidad-Relacion.jpeg Graphic file (type jpg)
<use Diagrama Entidad-Relacion.jpeg>
Package pdftex.def Info: Diagrama Entidad-Relacion.jpeg  used on input line 7.
(pdftex.def)             Requested size: 528.93675pt x 310.47694pt.
File: logo_fi.png Graphic file (type png)
<use logo_fi.png>
Package pdftex.def Info: logo_fi.png  used on input line 13.
(pdftex.def)             Requested size: 29.99474pt x 35.56593pt.
 [2{/usr/share/texmf/fonts/enc/dvips/lm/lm-ts1.enc} <./Diagrama Entidad-Relacion.jpeg>]
<Estudiantes.png, id=43, 1425.325pt x 503.8825pt>
File: Estudiantes.png Graphic file (type png)
<use Estudiantes.png>
Package pdftex.def Info: Estudiantes.png  used on input line 18.
(pdftex.def)             Requested size: 528.93675pt x 186.98718pt.
<Direccion.png, id=44, 1214.5375pt x 497.86pt>
File: Direccion.png Graphic file (type png)
<use Direccion.png>
Package pdftex.def Info: Direccion.png  used on input line 27.
(pdftex.def)             Requested size: 528.93675pt x 216.82564pt.
File: logo_fi.png Graphic file (type png)
<use logo_fi.png>
Package pdftex.def Info: logo_fi.png  used on input line 33.
(pdftex.def)             Requested size: 29.99474pt x 35.56593pt.
 [3 <./Estudiantes.png> <./Direccion.png>]
<Carrera.png, id=53, 534.99875pt x 365.365pt>
File: Carrera.png Graphic file (type png)
<use Carrera.png>
Package pdftex.def Info: Carrera.png  used on input line 36.
(pdftex.def)             Requested size: 211.57147pt x 144.48763pt.
<Historial.png, id=54, 386.44376pt x 661.47125pt>
File: Historial.png Graphic file (type png)
<use Historial.png>
Package pdftex.def Info: Historial.png  used on input line 45.
(pdftex.def)             Requested size: 169.26363pt x 289.72603pt.
File: logo_fi.png Graphic file (type png)
<use logo_fi.png>
Package pdftex.def Info: logo_fi.png  used on input line 49.
(pdftex.def)             Requested size: 29.99474pt x 35.56593pt.
 [4 <./Carrera.png> <./Historial.png>]
<Inscripcion.png, id=63, 276.03125pt x 453.695pt>
File: Inscripcion.png Graphic file (type png)
<use Inscripcion.png>
Package pdftex.def Info: Inscripcion.png  used on input line 54.
(pdftex.def)             Requested size: 148.10164pt x 243.43402pt.
<Seccion.png, id=64, 987.69pt x 458.71375pt>
File: Seccion.png Graphic file (type png)
<use Seccion.png>
Package pdftex.def Info: Seccion.png  used on input line 63.
(pdftex.def)             Requested size: 396.70256pt x 184.23817pt.
<Profesor.png, id=65, 1065.9825pt x 276.03125pt>
File: Profesor.png Graphic file (type png)
<use Profesor.png>
Package pdftex.def Info: Profesor.png  used on input line 72.
(pdftex.def)             Requested size: 528.93675pt x 136.97072pt.
File: logo_fi.png Graphic file (type png)
<use logo_fi.png>
Package pdftex.def Info: logo_fi.png  used on input line 74.
(pdftex.def)             Requested size: 29.99474pt x 35.56593pt.
 [5 <./Inscripcion.png> <./Seccion.png>]
<Departamento.png, id=74, 1233.60875pt x 181.67876pt>
File: Departamento.png Graphic file (type png)
<use Departamento.png>
Package pdftex.def Info: Departamento.png  used on input line 81.
(pdftex.def)             Requested size: 528.93675pt x 77.90132pt.
<Niveles.png, id=75, 232.87pt x 94.3525pt>
File: Niveles.png Graphic file (type png)
<use Niveles.png>
Package pdftex.def Info: Niveles.png  used on input line 90.
(pdftex.def)             Requested size: 185.13109pt x 75.01274pt.
File: logo_fi.png Graphic file (type png)
<use logo_fi.png>
Package pdftex.def Info: logo_fi.png  used on input line 94.
(pdftex.def)             Requested size: 29.99474pt x 35.56593pt.
 [6 <./Profesor.png> <./Departamento.png> <./Niveles.png>]
<Horario.png, id=85, 199.74625pt x 74.2775pt>
File: Horario.png Graphic file (type png)
<use Horario.png>
Package pdftex.def Info: Horario.png  used on input line 100.
(pdftex.def)             Requested size: 132.23418pt x 49.17517pt.
<Grado.png, id=86, 505.89pt x 457.71pt>
File: Grado.png Graphic file (type png)
<use Grado.png>
Package pdftex.def Info: Grado.png  used on input line 109.
(pdftex.def)             Requested size: 211.57147pt x 191.42674pt.
<Curso.png, id=87, 290.08376pt x 249.93375pt>
File: Curso.png Graphic file (type png)
<use Curso.png>
Package pdftex.def Info: Curso.png  used on input line 118.
(pdftex.def)             Requested size: 158.68263pt x 136.7203pt.
<Años.png, id=88, 158.5925pt x 92.345pt>
File: Años.png Graphic file (type png)
<use Años.png>
Package pdftex.def Info: Años.png  used on input line 127.
(pdftex.def)             Requested size: 132.23418pt x 77.0028pt.
File: logo_fi.png Graphic file (type png)
<use logo_fi.png>
Package pdftex.def Info: logo_fi.png  used on input line 129.
(pdftex.def)             Requested size: 29.99474pt x 35.56593pt.
 [7 <./Horario.png> <./Grado.png> <./Curso.png>]
<Semestre.png, id=101, 241.90375pt x 119.44624pt>
File: Semestre.png Graphic file (type png)
<use Semestre.png>
Package pdftex.def Info: Semestre.png  used on input line 136.
(pdftex.def)             Requested size: 185.13109pt x 91.41798pt.
) (/usr/share/texlive/texmf-dist/tex/latex/listings/lstlang1.sty
File: lstlang1.sty 2023/02/27 1.9 listings language file
) (/usr/share/texlive/texmf-dist/tex/latex/listings/lstmisc.sty
File: lstmisc.sty 2023/02/27 1.9 (Carsten Heinz)
)
LaTeX Font Info:    Font shape `OT1/lmtt/bx/n' in size <10.95> not available
(Font)              Font shape `OT1/lmtt/b/n' tried instead on input line 195.
File: logo_fi.png Graphic file (type png)
<use logo_fi.png>
Package pdftex.def Info: logo_fi.png  used on input line 206.
(pdftex.def)             Requested size: 29.99474pt x 35.56593pt.
 [8 <./Años.png> <./Semestre.png>]
File: logo_fi.png Graphic file (type png)
<use logo_fi.png>
Package pdftex.def Info: logo_fi.png  used on input line 249.
(pdftex.def)             Requested size: 29.99474pt x 35.56593pt.
 [9]
File: logo_fi.png Graphic file (type png)
<use logo_fi.png>
Package pdftex.def Info: logo_fi.png  used on input line 288.
(pdftex.def)             Requested size: 29.99474pt x 35.56593pt.
 [10{/usr/share/texmf/fonts/enc/dvips/lm/lm-mathit.enc}]
File: logo_fi.png Graphic file (type png)
<use logo_fi.png>
Package pdftex.def Info: logo_fi.png  used on input line 330.
(pdftex.def)             Requested size: 29.99474pt x 35.56593pt.
 [11]
File: logo_fi.png Graphic file (type png)
<use logo_fi.png>
Package pdftex.def Info: logo_fi.png  used on input line 373.
(pdftex.def)             Requested size: 29.99474pt x 35.56593pt.
 [12]
File: logo_fi.png Graphic file (type png)
<use logo_fi.png>
Package pdftex.def Info: logo_fi.png  used on input line 418.
(pdftex.def)             Requested size: 29.99474pt x 35.56593pt.
 [13]
File: logo_fi.png Graphic file (type png)
<use logo_fi.png>
Package pdftex.def Info: logo_fi.png  used on input line 458.
(pdftex.def)             Requested size: 29.99474pt x 35.56593pt.
 [14]
LaTeX Font Info:    Font shape `OT1/lmtt/bx/n' in size <12> not available
(Font)              Font shape `OT1/lmtt/b/n' tried instead on input line 485.
File: logo_fi.png Graphic file (type png)
<use logo_fi.png>
Package pdftex.def Info: logo_fi.png  used on input line 500.
(pdftex.def)             Requested size: 29.99474pt x 35.56593pt.
 [15]
File: logo_fi.png Graphic file (type png)
<use logo_fi.png>
Package pdftex.def Info: logo_fi.png  used on input line 539.
(pdftex.def)             Requested size: 29.99474pt x 35.56593pt.
 [16]
File: logo_fi.png Graphic file (type png)
<use logo_fi.png>
Package pdftex.def Info: logo_fi.png  used on input line 581.
(pdftex.def)             Requested size: 29.99474pt x 35.56593pt.
 [17]
File: logo_fi.png Graphic file (type png)
<use logo_fi.png>
Package pdftex.def Info: logo_fi.png  used on input line 627.
(pdftex.def)             Requested size: 29.99474pt x 35.56593pt.
 [18]
File: logo_fi.png Graphic file (type png)
<use logo_fi.png>
Package pdftex.def Info: logo_fi.png  used on input line 672.
(pdftex.def)             Requested size: 29.99474pt x 35.56593pt.
 [19]
File: logo_fi.png Graphic file (type png)
<use logo_fi.png>
Package pdftex.def Info: logo_fi.png  used on input line 718.
(pdftex.def)             Requested size: 29.99474pt x 35.56593pt.
 [20]
File: logo_fi.png Graphic file (type png)
<use logo_fi.png>
Package pdftex.def Info: logo_fi.png  used on input line 761.
(pdftex.def)             Requested size: 29.99474pt x 35.56593pt.
 [21]
File: logo_fi.png Graphic file (type png)
<use logo_fi.png>
Package pdftex.def Info: logo_fi.png  used on input line 802.
(pdftex.def)             Requested size: 29.99474pt x 35.56593pt.
 [22]
File: logo_fi.png Graphic file (type png)
<use logo_fi.png>
Package pdftex.def Info: logo_fi.png  used on input line 846.
(pdftex.def)             Requested size: 29.99474pt x 35.56593pt.
 [23]
File: logo_fi.png Graphic file (type png)
<use logo_fi.png>
Package pdftex.def Info: logo_fi.png  used on input line 888.
(pdftex.def)             Requested size: 29.99474pt x 35.56593pt.
 [24]
File: logo_fi.png Graphic file (type png)
<use logo_fi.png>
Package pdftex.def Info: logo_fi.png  used on input line 916.
(pdftex.def)             Requested size: 29.99474pt x 35.56593pt.
 [25]
File: logo_fi.png Graphic file (type png)
<use logo_fi.png>
Package pdftex.def Info: logo_fi.png  used on input line 957.
(pdftex.def)             Requested size: 29.99474pt x 35.56593pt.
 [26]
File: logo_fi.png Graphic file (type png)
<use logo_fi.png>
Package pdftex.def Info: logo_fi.png  used on input line 1005.
(pdftex.def)             Requested size: 29.99474pt x 35.56593pt.
 [27]
File: logo_fi.png Graphic file (type png)
<use logo_fi.png>
Package pdftex.def Info: logo_fi.png  used on input line 1053.
(pdftex.def)             Requested size: 29.99474pt x 35.56593pt.
 [28]
File: logo_fi.png Graphic file (type png)
<use logo_fi.png>
Package pdftex.def Info: logo_fi.png  used on input line 1097.
(pdftex.def)             Requested size: 29.99474pt x 35.56593pt.
 [29]
File: logo_fi.png Graphic file (type png)
<use logo_fi.png>
Package pdftex.def Info: logo_fi.png  used on input line 1143.
(pdftex.def)             Requested size: 29.99474pt x 35.56593pt.
 [30]
File: logo_fi.png Graphic file (type png)
<use logo_fi.png>
Package pdftex.def Info: logo_fi.png  used on input line 1188.
(pdftex.def)             Requested size: 29.99474pt x 35.56593pt.
 [31]
File: logo_fi.png Graphic file (type png)
<use logo_fi.png>
Package pdftex.def Info: logo_fi.png  used on input line 1235.
(pdftex.def)             Requested size: 29.99474pt x 35.56593pt.
 [32]
File: logo_fi.png Graphic file (type png)
<use logo_fi.png>
Package pdftex.def Info: logo_fi.png  used on input line 1269.
(pdftex.def)             Requested size: 29.99474pt x 35.56593pt.
 [33]
File: logo_fi.png Graphic file (type png)
<use logo_fi.png>
Package pdftex.def Info: logo_fi.png  used on input line 1313.
(pdftex.def)             Requested size: 29.99474pt x 35.56593pt.
 [34]
File: logo_fi.png Graphic file (type png)
<use logo_fi.png>
Package pdftex.def Info: logo_fi.png  used on input line 1355.
(pdftex.def)             Requested size: 29.99474pt x 35.56593pt.
 [35]
File: logo_fi.png Graphic file (type png)
<use logo_fi.png>
Package pdftex.def Info: logo_fi.png  used on input line 1401.
(pdftex.def)             Requested size: 29.99474pt x 35.56593pt.
 [36]
File: logo_fi.png Graphic file (type png)
<use logo_fi.png>
Package pdftex.def Info: logo_fi.png  used on input line 1435.
(pdftex.def)             Requested size: 29.99474pt x 35.56593pt.
 [37]
File: logo_fi.png Graphic file (type png)
<use logo_fi.png>
Package pdftex.def Info: logo_fi.png  used on input line 1478.
(pdftex.def)             Requested size: 29.99474pt x 35.56593pt.
 [38] (./pseudocode.tex
LaTeX Font Info:    Trying to load font information for OMS+lmr on input line 53.
 (/usr/share/texmf/tex/latex/lm/omslmr.fd
File: omslmr.fd 2015/05/01 v1.6.1 Font defs for Latin Modern
)
LaTeX Font Info:    Font shape `OMS/lmr/m/n' in size <12> not available
(Font)              Font shape `OMS/lmsy/m/n' tried instead on input line 53.
File: logo_fi.png Graphic file (type png)
<use logo_fi.png>
Package pdftex.def Info: logo_fi.png  used on input line 326.
(pdftex.def)             Requested size: 29.99474pt x 35.56593pt.
 [39{/usr/share/texmf/fonts/enc/dvips/lm/lm-mathsy.enc}{/usr/share/texmf/fonts/enc/dvips/lm/lm-rmsc.enc}]
File: logo_fi.png Graphic file (type png)
<use logo_fi.png>
Package pdftex.def Info: logo_fi.png  used on input line 326.
(pdftex.def)             Requested size: 29.99474pt x 35.56593pt.
 [40]
File: logo_fi.png Graphic file (type png)
<use logo_fi.png>
Package pdftex.def Info: logo_fi.png  used on input line 326.
(pdftex.def)             Requested size: 29.99474pt x 35.56593pt.
 [41]
File: logo_fi.png Graphic file (type png)
<use logo_fi.png>
Package pdftex.def Info: logo_fi.png  used on input line 326.
(pdftex.def)             Requested size: 29.99474pt x 35.56593pt.
 [42]
File: logo_fi.png Graphic file (type png)
<use logo_fi.png>
Package pdftex.def Info: logo_fi.png  used on input line 326.
(pdftex.def)             Requested size: 29.99474pt x 35.56593pt.
 [43]
File: logo_fi.png Graphic file (type png)
<use logo_fi.png>
Package pdftex.def Info: logo_fi.png  used on input line 553.
(pdftex.def)             Requested size: 29.99474pt x 35.56593pt.
 [44]
File: logo_fi.png Graphic file (type png)
<use logo_fi.png>
Package pdftex.def Info: logo_fi.png  used on input line 553.
(pdftex.def)             Requested size: 29.99474pt x 35.56593pt.
 [45]
File: logo_fi.png Graphic file (type png)
<use logo_fi.png>
Package pdftex.def Info: logo_fi.png  used on input line 553.
(pdftex.def)             Requested size: 29.99474pt x 35.56593pt.
 [46]
File: logo_fi.png Graphic file (type png)
<use logo_fi.png>
Package pdftex.def Info: logo_fi.png  used on input line 724.
(pdftex.def)             Requested size: 29.99474pt x 35.56593pt.
 [47]
File: logo_fi.png Graphic file (type png)
<use logo_fi.png>
Package pdftex.def Info: logo_fi.png  used on input line 724.
(pdftex.def)             Requested size: 29.99474pt x 35.56593pt.
 [48]
File: logo_fi.png Graphic file (type png)
<use logo_fi.png>
Package pdftex.def Info: logo_fi.png  used on input line 894.
(pdftex.def)             Requested size: 29.99474pt x 35.56593pt.
 [49]
File: logo_fi.png Graphic file (type png)
<use logo_fi.png>
Package pdftex.def Info: logo_fi.png  used on input line 894.
(pdftex.def)             Requested size: 29.99474pt x 35.56593pt.
 [50]
File: logo_fi.png Graphic file (type png)
<use logo_fi.png>
Package pdftex.def Info: logo_fi.png  used on input line 894.
(pdftex.def)             Requested size: 29.99474pt x 35.56593pt.
 [51]
File: logo_fi.png Graphic file (type png)
<use logo_fi.png>
Package pdftex.def Info: logo_fi.png  used on input line 1011.
(pdftex.def)             Requested size: 29.99474pt x 35.56593pt.
 [52]
File: logo_fi.png Graphic file (type png)
<use logo_fi.png>
Package pdftex.def Info: logo_fi.png  used on input line 1011.
(pdftex.def)             Requested size: 29.99474pt x 35.56593pt.
 [53]
File: logo_fi.png Graphic file (type png)
<use logo_fi.png>
Package pdftex.def Info: logo_fi.png  used on input line 1105.
(pdftex.def)             Requested size: 29.99474pt x 35.56593pt.
 [54]) (./Diagrama.tex
<Cliente/main.png, id=1465, 3247.13126pt x 7932.63625pt>
File: Cliente/main.png Graphic file (type png)
<use Cliente/main.png>
Package pdftex.def Info: Cliente/main.png  used on input line 9.
(pdftex.def)             Requested size: 259.1819pt x 633.17137pt.
File: logo_fi.png Graphic file (type png)
<use logo_fi.png>
Package pdftex.def Info: logo_fi.png  used on input line 12.
(pdftex.def)             Requested size: 29.99474pt x 35.56593pt.
 [55]
Overfull \vbox (4.96513pt too high) has occurred while \output is active []

File: logo_fi.png Graphic file (type png)
<use logo_fi.png>
Package pdftex.def Info: logo_fi.png  used on input line 12.
(pdftex.def)             Requested size: 29.99474pt x 35.56593pt.
 [56 <./Cliente/main.png>]
<Cliente/realizar_actualizacion.png, id=1477, 2667.9675pt x 4726.65875pt>
File: Cliente/realizar_actualizacion.png Graphic file (type png)
<use Cliente/realizar_actualizacion.png>
Package pdftex.def Info: Cliente/realizar_actualizacion.png  used on input line 15.
(pdftex.def)             Requested size: 343.80565pt x 609.078pt.
<Cliente/realizar_consulta.png, id=1478, 1993.4475pt x 4864.1725pt>
File: Cliente/realizar_consulta.png Graphic file (type png)
<use Cliente/realizar_consulta.png>
Package pdftex.def Info: Cliente/realizar_consulta.png  used on input line 21.
(pdftex.def)             Requested size: 253.88737pt x 619.45015pt.
File: logo_fi.png Graphic file (type png)
<use logo_fi.png>
Package pdftex.def Info: logo_fi.png  used on input line 24.
(pdftex.def)             Requested size: 29.99474pt x 35.56593pt.
 [57 <./Cliente/realizar_actualizacion.png>]
<Cliente/realizar_eliminacion.png, id=1485, 782.925pt x 1192.455pt>
File: Cliente/realizar_eliminacion.png Graphic file (type png)
<use Cliente/realizar_eliminacion.png>
Package pdftex.def Info: Cliente/realizar_eliminacion.png  used on input line 27.
(pdftex.def)             Requested size: 253.88737pt x 386.68811pt.
File: logo_fi.png Graphic file (type png)
<use logo_fi.png>
Package pdftex.def Info: logo_fi.png  used on input line 29.
(pdftex.def)             Requested size: 29.99474pt x 35.56593pt.
 [58 <./Cliente/realizar_consulta.png>]
<Cliente/realizar_insercion.png, id=1492, 2653.915pt x 4630.29875pt>
File: Cliente/realizar_insercion.png Graphic file (type png)
<use Cliente/realizar_insercion.png>
Package pdftex.def Info: Cliente/realizar_insercion.png  used on input line 33.
(pdftex.def)             Requested size: 343.80565pt x 599.76974pt.
File: logo_fi.png Graphic file (type png)
<use logo_fi.png>
Package pdftex.def Info: logo_fi.png  used on input line 36.
(pdftex.def)             Requested size: 29.99474pt x 35.56593pt.
 [59 <./Cliente/realizar_eliminacion.png>]
<Servidor/servidor.png, id=1499, 7397.6375pt x 13328.79625pt>
File: Servidor/servidor.png Graphic file (type png)
<use Servidor/servidor.png>
Package pdftex.def Info: Servidor/servidor.png  used on input line 45.
(pdftex.def)             Requested size: 343.80565pt x 619.29453pt.
File: logo_fi.png Graphic file (type png)
<use logo_fi.png>
Package pdftex.def Info: logo_fi.png  used on input line 48.
(pdftex.def)             Requested size: 29.99474pt x 35.56593pt.
 [60 <./Cliente/realizar_insercion.png>]
File: logo_fi.png Graphic file (type png)
<use logo_fi.png>
Package pdftex.def Info: logo_fi.png  used on input line 51.
(pdftex.def)             Requested size: 29.99474pt x 35.56593pt.
 [61 <./Servidor/servidor.png>]
<funciones/crear_directorio.png, id=1513, 1541.76pt x 3263.19125pt>
File: funciones/crear_directorio.png Graphic file (type png)
<use funciones/crear_directorio.png>
Package pdftex.def Info: funciones/crear_directorio.png  used on input line 57.
(pdftex.def)             Requested size: 238.01991pt x 503.74794pt.
<funciones/analizar_archivo.png, id=1514, 1462.46375pt x 3626.54875pt>
File: funciones/analizar_archivo.png Graphic file (type png)
<use funciones/analizar_archivo.png>
Package pdftex.def Info: funciones/analizar_archivo.png  used on input line 63.
(pdftex.def)             Requested size: 238.01991pt x 590.22026pt.
File: logo_fi.png Graphic file (type png)
<use logo_fi.png>
Package pdftex.def Info: logo_fi.png  used on input line 66.
(pdftex.def)             Requested size: 29.99474pt x 35.56593pt.
 [62 <./funciones/crear_directorio.png>]
<funciones/validar_llave.png, id=1521, 1638.12pt x 4796.92125pt>
File: funciones/validar_llave.png Graphic file (type png)
<use funciones/validar_llave.png>
Package pdftex.def Info: funciones/validar_llave.png  used on input line 69.
(pdftex.def)             Requested size: 211.57147pt x 619.52275pt.
File: logo_fi.png Graphic file (type png)
<use logo_fi.png>
Package pdftex.def Info: logo_fi.png  used on input line 72.
(pdftex.def)             Requested size: 29.99474pt x 35.56593pt.
 [63 <./funciones/analizar_archivo.png>]
<funciones/levantar_servicio.png, id=1528, 1866.975pt x 3217.01875pt>
File: funciones/levantar_servicio.png Graphic file (type png)
<use funciones/levantar_servicio.png>
Package pdftex.def Info: funciones/levantar_servicio.png  used on input line 75.
(pdftex.def)             Requested size: 317.36526pt x 546.83687pt.
File: logo_fi.png Graphic file (type png)
<use logo_fi.png>
Package pdftex.def Info: logo_fi.png  used on input line 78.
(pdftex.def)             Requested size: 29.99474pt x 35.56593pt.
 [64 <./funciones/validar_llave.png>]
<consulta/solicitud_consulta.png, id=1535, 1740.5025pt x 2625.81pt>
File: consulta/solicitud_consulta.png Graphic file (type png)
<use consulta/solicitud_consulta.png>
Package pdftex.def Info: consulta/solicitud_consulta.png  used on input line 87.
(pdftex.def)             Requested size: 317.36526pt x 478.79567pt.
File: logo_fi.png Graphic file (type png)
<use logo_fi.png>
Package pdftex.def Info: logo_fi.png  used on input line 90.
(pdftex.def)             Requested size: 29.99474pt x 35.56593pt.
 [65 <./funciones/levantar_servicio.png>]
<consulta/procesar_consulta.png, id=1542, 2585.66pt x 5631.0375pt>
File: consulta/procesar_consulta.png Graphic file (type png)
<use consulta/procesar_consulta.png>
Package pdftex.def Info: consulta/procesar_consulta.png  used on input line 93.
(pdftex.def)             Requested size: 264.46837pt x 575.93921pt.
File: logo_fi.png Graphic file (type png)
<use logo_fi.png>
Package pdftex.def Info: logo_fi.png  used on input line 96.
(pdftex.def)             Requested size: 29.99474pt x 35.56593pt.
 [66 <./consulta/solicitud_consulta.png>]
<consulta/consulta_tabla.png, id=1549, 2543.5025pt x 9221.45125pt>
File: consulta/consulta_tabla.png Graphic file (type png)
<use consulta/consulta_tabla.png>
Package pdftex.def Info: consulta/consulta_tabla.png  used on input line 99.
(pdftex.def)             Requested size: 158.68263pt x 575.21364pt.
File: logo_fi.png Graphic file (type png)
<use logo_fi.png>
Package pdftex.def Info: logo_fi.png  used on input line 102.
(pdftex.def)             Requested size: 29.99474pt x 35.56593pt.
 [67 <./consulta/procesar_consulta.png>]
<insercion/solicitud_insercion.png, id=1558, 3750.01pt x 5910.08pt>
File: insercion/solicitud_insercion.png Graphic file (type png)
<use insercion/solicitud_insercion.png>
Package pdftex.def Info: insercion/solicitud_insercion.png  used on input line 111.
(pdftex.def)             Requested size: 343.80565pt x 541.80411pt.
File: logo_fi.png Graphic file (type png)
<use logo_fi.png>
Package pdftex.def Info: logo_fi.png  used on input line 114.
(pdftex.def)             Requested size: 29.99474pt x 35.56593pt.
 [68 <./consulta/consulta_tabla.png>]
<insercion/solicitud_eliminacion.png, id=1565, 3345.49875pt x 6087.74374pt>
File: insercion/solicitud_eliminacion.png Graphic file (type png)
<use insercion/solicitud_eliminacion.png>
Package pdftex.def Info: insercion/solicitud_eliminacion.png  used on input line 117.
(pdftex.def)             Requested size: 343.80565pt x 625.53049pt.
File: logo_fi.png Graphic file (type png)
<use logo_fi.png>
Package pdftex.def Info: logo_fi.png  used on input line 120.
(pdftex.def)             Requested size: 29.99474pt x 35.56593pt.
 [69 <./insercion/solicitud_insercion.png>]
File: logo_fi.png Graphic file (type png)
<use logo_fi.png>
Package pdftex.def Info: logo_fi.png  used on input line 123.
(pdftex.def)             Requested size: 29.99474pt x 35.56593pt.
 [70 <./insercion/solicitud_eliminacion.png>]
<update/solicitud_update.png, id=1578, 1734.48pt x 4496.8pt>
File: update/solicitud_update.png Graphic file (type png)
<use update/solicitud_update.png>
Package pdftex.def Info: update/solicitud_update.png  used on input line 129.
(pdftex.def)             Requested size: 211.57147pt x 548.51276pt.
<update/update_archivo.png, id=1579, 3362.5625pt x 4770.82375pt>
File: update/update_archivo.png Graphic file (type png)
<use update/update_archivo.png>
Package pdftex.def Info: update/update_archivo.png  used on input line 135.
(pdftex.def)             Requested size: 423.151pt x 600.35535pt.
)
File: logo_fi.png Graphic file (type png)
<use logo_fi.png>
Package pdftex.def Info: logo_fi.png  used on input line 1508.
(pdftex.def)             Requested size: 29.99474pt x 35.56593pt.
 [71 <./update/solicitud_update.png>]
File: logo_fi.png Graphic file (type png)
<use logo_fi.png>
Package pdftex.def Info: logo_fi.png  used on input line 1509.
(pdftex.def)             Requested size: 29.99474pt x 35.56593pt.
 [72 <./update/update_archivo.png>]
File: logo_fi.png Graphic file (type png)
<use logo_fi.png>
Package pdftex.def Info: logo_fi.png  used on input line 1538.
(pdftex.def)             Requested size: 29.99474pt x 35.56593pt.
 [73] (./Examen.aux)
 ***********
LaTeX2e <2023-11-01> patch level 1
L3 programming layer <2024-01-22>
 ***********
 ) 
Here is how much of TeX's memory you used:
 28594 strings out of 476106
 515669 string characters out of 5793933
 2629975 words of memory out of 5000000
 48903 multiletter control sequences out of 15000+600000
 604355 words of font info for 69 fonts, out of 8000000 for 9000
 59 hyphenation exceptions out of 8191
 89i,16n,93p,991b,2181s stack positions out of 10000i,1000n,20000p,200000b,200000s
</usr/share/texmf/fonts/type1/public/lm/lmbx12.pfb></usr/share/texmf/fonts/type1/public/lm/lmcsc10.pfb></usr/share/texmf/fonts/type1/public/lm/lmmi12.pfb></usr/share/texmf/fonts/type1/public/lm/lmr10.pfb></usr/share/texmf/fonts/type1/public/lm/lmr12.pfb></usr/share/texmf/fonts/type1/public/lm/lmr6.pfb></usr/share/texmf/fonts/type1/public/lm/lmri10.pfb></usr/share/texmf/fonts/type1/public/lm/lmri12.pfb></usr/share/texmf/fonts/type1/public/lm/lmsy10.pfb></usr/share/texmf/fonts/type1/public/lm/lmsy8.pfb></usr/share/texmf/fonts/type1/public/lm/lmtk10.pfb></usr/share/texmf/fonts/type1/public/lm/lmtt10.pfb></usr/share/texmf/fonts/type1/public/lm/lmtt12.pfb>
Output written on Examen.pdf (73 pages, 7605994 bytes).
PDF statistics:
 1990 PDF objects out of 2073 (max. 8388607)
 1816 compressed objects within 19 object streams
 1279 named destinations out of 1440 (max. 500000)
 335 words of extra memory for PDF output out of 10000 (max. 10000000)

